  Ball.cpp
D:\WinAPI_study\BreakOutGame2\BreakOutGame\Ball.cpp(5,17): warning C4244: '=': 'double'에서 'LONG'(으)로 변환하면서 데이터가 손실될 수 있습니다.
D:\WinAPI_study\BreakOutGame2\BreakOutGame\Ball.cpp(6,17): warning C4244: '=': 'double'에서 'LONG'(으)로 변환하면서 데이터가 손실될 수 있습니다.
D:\WinAPI_study\BreakOutGame2\BreakOutGame\Ball.cpp(23,18): warning C4244: '=': 'double'에서 'LONG'(으)로 변환하면서 데이터가 손실될 수 있습니다.
D:\WinAPI_study\BreakOutGame2\BreakOutGame\Ball.cpp(24,18): warning C4244: '=': 'double'에서 'LONG'(으)로 변환하면서 데이터가 손실될 수 있습니다.
  Plate.cpp
D:\WinAPI_study\BreakOutGame2\BreakOutGame\Plate.cpp(5,29): warning C4838: 'double'에서 'LONG'(으)로의 변환에는 축소 변환이 필요합니다.
D:\WinAPI_study\BreakOutGame2\BreakOutGame\Plate.cpp(5,29): warning C4244: '초기화 중': 'double'에서 'LONG'(으)로 변환하면서 데이터가 손실될 수 있습니다.
D:\WinAPI_study\BreakOutGame2\BreakOutGame\Plate.cpp(5,48): warning C4838: 'double'에서 'LONG'(으)로의 변환에는 축소 변환이 필요합니다.
D:\WinAPI_study\BreakOutGame2\BreakOutGame\Plate.cpp(5,48): warning C4244: '초기화 중': 'double'에서 'LONG'(으)로 변환하면서 데이터가 손실될 수 있습니다.
D:\WinAPI_study\BreakOutGame2\BreakOutGame\Plate.cpp(6,14): warning C4838: 'double'에서 'LONG'(으)로의 변환에는 축소 변환이 필요합니다.
D:\WinAPI_study\BreakOutGame2\BreakOutGame\Plate.cpp(6,14): warning C4244: '초기화 중': 'double'에서 'LONG'(으)로 변환하면서 데이터가 손실될 수 있습니다.
D:\WinAPI_study\BreakOutGame2\BreakOutGame\Plate.cpp(6,33): warning C4838: 'double'에서 'LONG'(으)로의 변환에는 축소 변환이 필요합니다.
D:\WinAPI_study\BreakOutGame2\BreakOutGame\Plate.cpp(6,33): warning C4244: '초기화 중': 'double'에서 'LONG'(으)로 변환하면서 데이터가 손실될 수 있습니다.
D:\WinAPI_study\BreakOutGame2\BreakOutGame\Plate.cpp(7,14): warning C4838: 'double'에서 'LONG'(으)로의 변환에는 축소 변환이 필요합니다.
D:\WinAPI_study\BreakOutGame2\BreakOutGame\Plate.cpp(7,14): warning C4244: '초기화 중': 'double'에서 'LONG'(으)로 변환하면서 데이터가 손실될 수 있습니다.
D:\WinAPI_study\BreakOutGame2\BreakOutGame\Plate.cpp(7,33): warning C4838: 'double'에서 'LONG'(으)로의 변환에는 축소 변환이 필요합니다.
D:\WinAPI_study\BreakOutGame2\BreakOutGame\Plate.cpp(7,33): warning C4244: '초기화 중': 'double'에서 'LONG'(으)로 변환하면서 데이터가 손실될 수 있습니다.
D:\WinAPI_study\BreakOutGame2\BreakOutGame\Plate.cpp(8,14): warning C4838: 'double'에서 'LONG'(으)로의 변환에는 축소 변환이 필요합니다.
D:\WinAPI_study\BreakOutGame2\BreakOutGame\Plate.cpp(8,14): warning C4244: '초기화 중': 'double'에서 'LONG'(으)로 변환하면서 데이터가 손실될 수 있습니다.
D:\WinAPI_study\BreakOutGame2\BreakOutGame\Plate.cpp(8,33): warning C4838: 'double'에서 'LONG'(으)로의 변환에는 축소 변환이 필요합니다.
D:\WinAPI_study\BreakOutGame2\BreakOutGame\Plate.cpp(8,33): warning C4244: '초기화 중': 'double'에서 'LONG'(으)로 변환하면서 데이터가 손실될 수 있습니다.
D:\WinAPI_study\BreakOutGame2\BreakOutGame\Plate.cpp(16,15): warning C4244: '+=': 'double'에서 'LONG'(으)로 변환하면서 데이터가 손실될 수 있습니다.
D:\WinAPI_study\BreakOutGame2\BreakOutGame\Plate.cpp(31,16): warning C4244: '-=': 'double'에서 'LONG'(으)로 변환하면서 데이터가 손실될 수 있습니다.
D:\WinAPI_study\BreakOutGame2\BreakOutGame\Plate.cpp(35,21): warning C4244: '+=': 'double'에서 'LONG'(으)로 변환하면서 데이터가 손실될 수 있습니다.
  코드를 생성하고 있습니다...
D:\WinAPI_study\BreakOutGame2\BreakOutGame\Ball.cpp(85,1): warning C4715: 'Ball::OnCollision': 모든 제어 경로에서 값을 반환하지는 않습니다.
  BreakOutGame.vcxproj -> D:\WinAPI_study\BreakOutGame2\x64\Debug\BreakOutGame.exe
